Traceback (most recent call last):
  File "/home/hongyuan/trader/train.py", line 1, in <module>
    import numpy as np
ModuleNotFoundError: No module named 'numpy'
Traceback (most recent call last):
  File "/home/hongyuan/trader/train.py", line 1, in <module>
    import numpy as np
ModuleNotFoundError: No module named 'numpy'
Traceback (most recent call last):
  File "/home/hongyuan/trader/train.py", line 1, in <module>
    import numpy as np
ModuleNotFoundError: No module named 'numpy'

main process:11383

main process:39226

main process:21979

main process:17295
c1 training begins, gpu id:5
| Arguments Remove cwd: /Data/hongyuan/3state_feas_gamma2/c1
################################################################################
ID     Step    maxR |    avgR   stdR   avgS  stdS |    expR   objC   etc.
5  3.00e+04    0.32 |
5  3.00e+04    0.32 |    0.32    0.8    135   142 |    0.00   0.02   0.13
| ReplayBuffer save in: /Data/hongyuan/3state_feas_gamma2/c1/replay_0.npz
5  6.01e+04    0.32 |    0.29    0.9    141   151 |    0.00   0.01   0.33
5  1.20e+05    0.32 |    0.28    0.8    112   143 |    0.00   0.01   0.17
5  2.10e+05    0.37 |
5  2.10e+05    0.37 |    0.37    0.8    110   109 |    0.00   0.01  -0.16
| ReplayBuffer save in: /Data/hongyuan/3state_feas_gamma2/c1/replay_0.npz
5  2.40e+05    0.37 |    0.33    0.8    117   120 |    0.00   0.01  -0.01
5  3.30e+05    0.37 |    0.36    0.8    129   132 |    0.00   0.01  -0.00
5  3.90e+05    0.37 |    0.32    0.8    133   136 |    0.00   0.01  -0.05
5  4.50e+05    0.37 |    0.35    1.1    161   143 |    0.00   0.01   0.38
5  4.80e+05    0.37 |    0.33    1.0    156   156 |    0.00   0.01  -0.12
5  5.10e+05    0.37 |    0.32    0.9    149   157 |    0.00   0.01   0.08
5  5.40e+05    0.39 |
5  5.40e+05    0.39 |    0.39    1.0    155   149 |    0.00   0.01   0.15
| ReplayBuffer save in: /Data/hongyuan/3state_feas_gamma2/c1/replay_0.npz
5  5.70e+05    0.41 |
5  5.70e+05    0.41 |    0.41    1.1    170   155 |    0.00   0.00   0.46
| ReplayBuffer save in: /Data/hongyuan/3state_feas_gamma2/c1/replay_0.npz
5  6.00e+05    0.41 |    0.35    0.9    150   159 |    0.00   0.01  -0.01
5  6.31e+05    0.41 |    0.35    0.9    164   167 |    0.00   0.01   0.03
5  6.61e+05    0.41 |    0.37    0.9    154   158 |    0.00   0.01   0.18
5  6.91e+05    0.41 |    0.30    0.9    129   143 |    0.00   0.01  -0.12
5  7.51e+05    0.41 |    0.30    0.9    135   145 |    0.00   0.01  -0.18
5  8.11e+05    0.41 |    0.36    1.1    180   174 |    0.01   0.01   0.17
5  8.41e+05    0.41 |    0.35    0.8    116   141 |    0.00   0.01  -0.04
5  9.01e+05    0.41 |    0.37    0.9    149   153 |    0.00   0.01   0.33
5  9.31e+05    0.41 |    0.40    0.9    131   124 |    0.00   0.01   0.23
5  9.91e+05    0.41 |    0.38    0.9    144   136 |    0.00   0.01   0.29
5  1.05e+06    0.41 |    0.41    0.7    111   120 |    0.00   0.00   0.27
5  1.11e+06    0.41 |    0.34    0.6     72   101 |    0.00   0.01  -0.15
5  1.20e+06    0.41 |    0.34    0.8    123   137 |    0.00   0.01   0.16
5  1.26e+06    0.41 |    0.39    0.8    120   133 |    0.00   0.01   0.04
5  1.32e+06    0.41 |    0.38    0.8    127   142 |    0.00   0.01   0.27
5  1.38e+06    0.41 |    0.33    0.9    132   143 |    0.00   0.01   0.23
5  1.44e+06    0.41 |    0.28    1.2    189   179 |    0.00   0.01   0.36
5  1.47e+06    0.45 |
5  1.47e+06    0.45 |    0.45    1.0    172   161 |    0.00   0.01   0.31
| ReplayBuffer save in: /Data/hongyuan/3state_feas_gamma2/c1/replay_0.npz
5  1.50e+06    0.45 |    0.36    0.9    123   134 |    0.00   0.01   0.20
5  1.56e+06    0.45 |    0.39    0.8    125   135 |    0.01   0.01   0.13
5  1.62e+06    0.45 |    0.39    1.1    182   174 |    0.00   0.01   0.26
5  1.65e+06    0.45 |    0.33    1.0    131   143 |    0.00   0.00   0.38
5  1.71e+06    0.45 |    0.38    0.9    143   150 |    0.00   0.01   0.25
5  1.74e+06    0.45 |    0.31    1.3    210   192 |    0.00   0.01   0.22
5  1.77e+06    0.45 |    0.33    0.9    128   153 |    0.00   0.01   0.01
5  1.83e+06    0.45 |    0.33    0.8    125   146 |    0.01   0.01   0.09
5  1.89e+06    0.45 |    0.40    1.0    170   172 |    0.00   0.01   0.21
5  1.92e+06    0.45 |    0.38    0.8    143   152 |    0.00   0.01   0.25
5  1.95e+06    0.45 |    0.36    0.8    109   139 |    0.01   0.01   0.19
5  2.01e+06    0.45 |    0.33    0.9    145   154 |    0.00   0.01   0.26
5  2.04e+06    0.45 |    0.34    0.9    136   147 |    0.00   0.01   0.17
5  2.07e+06    0.45 |    0.27    1.3    218   200 |    0.00   0.01   0.24
5  2.10e+06    0.45 |    0.40    1.0    148   151 |    0.00   0.01   0.26
5  2.13e+06    0.45 |    0.41    0.9    147   163 |    0.00   0.01   0.12
5  2.16e+06    0.45 |    0.40    1.0    181   174 |    0.01   0.01   0.37
5  2.19e+06    0.45 |    0.36    0.8    134   157 |    0.00   0.01   0.29
5  2.22e+06    0.45 |    0.42    0.8    120   140 |    0.01   0.01   0.08
5  2.28e+06    0.45 |    0.33    0.8    130   161 |    0.00   0.01   0.21
5  2.31e+06    0.45 |    0.37    0.7     87   133 |    0.00   0.01  -0.07
5  2.37e+06    0.45 |    0.38    0.8    129   158 |    0.01   0.01   0.19
5  2.43e+06    0.45 |    0.35    0.8     99   135 |    0.00   0.01   0.06
5  2.49e+06    0.45 |    0.32    0.9    128   152 |    0.00   0.01   0.16
5  2.55e+06    0.45 |    0.39    0.9    134   139 |    0.00   0.00   0.20
5  2.58e+06    0.45 |    0.36    0.9    133   158 |    0.00   0.01   0.10
5  2.61e+06    0.45 |    0.29    0.7     86   128 |    0.00   0.01  -0.16
5  2.67e+06    0.45 |    0.32    0.9    146   157 |    0.00   0.01   0.14
5  2.70e+06    0.45 |    0.33    0.7    104   139 |    0.00   0.08   0.04
5  2.76e+06    0.45 |    0.38    0.8    114   133 |    0.00   0.01   0.19
5  2.82e+06    0.45 |    0.38    0.9    142   149 |    0.00   0.01   0.24
5  2.85e+06    0.45 |    0.34    0.9    124   153 |    0.00   0.01   0.13
5  2.91e+06    0.45 |    0.37    0.8    143   158 |    0.00   0.01   0.21
5  2.94e+06    0.45 |    0.35    0.9    141   159 |    0.00   0.01   0.22
5  2.97e+06    0.45 |    0.33    0.7    112   147 |    0.00   0.01   0.06
5  3.03e+06    0.45 |    0.39    1.0    147   155 |    0.01   0.01   0.30
5  3.06e+06    0.45 |    0.26    1.2    206   191 |    0.00   0.01   0.42
5  3.09e+06    0.45 |    0.40    0.9    156   161 |    0.00   0.01   0.22
5  3.12e+06    0.45 |    0.36    0.8    138   148 |    0.00   0.01   0.15
5  3.15e+06    0.45 |    0.36    0.9    150   152 |    0.00   0.01   0.24
5  3.18e+06    0.45 |    0.42    0.9    146   142 |    0.00   0.01   0.28
5  3.21e+06    0.45 |    0.39    0.7    121   140 |    0.00   0.01   0.21
5  3.27e+06    0.45 |    0.41    1.0    161   164 |    0.00   0.01   0.26
5  3.30e+06    0.45 |    0.39    1.2    184   170 |    0.00   0.00   0.28
5  3.33e+06    0.45 |    0.38    0.8    125   140 |    0.00   0.01   0.22
5  3.39e+06    0.45 |    0.38    0.8    141   150 |    0.00   0.01   0.21
5  3.42e+06    0.45 |    0.37    1.0    196   182 |    0.00   0.01   0.34
5  3.45e+06    0.45 |    0.37    1.1    182   168 |    0.00   0.01   0.30
5  3.48e+06    0.45 |    0.38    0.9    159   162 |    0.00   0.01   0.33
5  3.51e+06    0.45 |    0.40    1.1    175   169 |    0.00   0.01   0.31
5  3.54e+06    0.45 |    0.41    0.8    127   140 |    0.00   0.01   0.16
5  3.58e+06    0.45 |    0.31    1.0    155   164 |    0.00   0.01   0.18
5  3.61e+06    0.45 |    0.33    0.9    143   154 |    0.00   0.01   0.23
5  3.64e+06    0.45 |    0.37    1.1    164   171 |    0.00   0.01   0.28
5  3.67e+06    0.45 |    0.33    0.8    132   152 |    0.00   0.01   0.19
5  3.73e+06    0.45 |    0.32    1.0    161   161 |    0.00   0.01   0.37
5  3.76e+06    0.45 |    0.33    0.9    136   158 |    0.00   0.01   0.17
5  3.79e+06    0.45 |    0.32    1.1    184   180 |    0.00   0.01   0.26
5  3.82e+06    0.45 |    0.36    0.8    113   136 |    0.00   0.01   0.06
5  3.88e+06    0.45 |    0.39    0.8    120   140 |    0.00   0.01   0.16
5  3.94e+06    0.45 |    0.38    1.0    145   149 |    0.00   0.01   0.19
5  3.97e+06    0.45 |    0.33    1.1    116   144 |    0.00   0.01   0.08
5  4.03e+06    0.45 |    0.41    0.9    134   153 |    0.00   0.01   0.10
5  4.06e+06    0.45 |    0.39    0.8    135   150 |    0.00   0.01   0.24
5  4.09e+06    0.45 |    0.36    0.9    169   173 |    0.00   0.00   0.34
5  4.12e+06    0.45 |    0.37    0.8    110   136 |    0.00   0.01   0.16
5  4.18e+06    0.45 |    0.36    0.9    161   173 |    0.00   0.01   0.19
5  4.21e+06    0.45 |    0.31    1.1    180   175 |    0.00   0.00   0.30
5  4.24e+06    0.45 |    0.38    0.9    164   173 |    0.00   0.01   0.25
5  4.27e+06    0.45 |    0.37    1.0    192   192 |    0.00   0.01   0.27
c-1 training begins, gpu id:3
| Arguments Remove cwd: /Data/hongyuan/3state_feas_gamma2/c-1
################################################################################
ID     Step    maxR |    avgR   stdR   avgS  stdS |    expR   objC   etc.
3  3.00e+04    0.36 |
3  3.00e+04    0.36 |    0.36    0.9    138   143 |    0.00   0.01   0.33
| ReplayBuffer save in: /Data/hongyuan/3state_feas_gamma2/c-1/replay_0.npz
3  6.01e+04    0.36 |    0.24    0.9    142   135 |    0.00   0.01   0.02
3  1.20e+05    0.36 |    0.33    1.1    152   148 |    0.00   0.01   0.18
3  1.50e+05    0.36 |    0.29    1.0    163   162 |    0.00   0.01   0.11
3  1.80e+05    0.46 |
3  1.80e+05    0.46 |    0.46    1.2    185   168 |    0.00   0.01   1.03
| ReplayBuffer save in: /Data/hongyuan/3state_feas_gamma2/c-1/replay_0.npz
3  2.10e+05    0.46 |    0.20    0.7     83    71 |    0.00   0.01  -0.21
3  3.30e+05    0.46 |    0.27    0.9    102   107 |    0.00   0.01  -0.11
3  4.20e+05    0.46 |    0.25    1.0    167   167 |    0.00   0.01  -0.01
3  4.50e+05    0.46 |    0.21    0.9    114   125 |    0.00   0.01  -0.05
3  5.11e+05    0.46 |    0.33    0.9    153   171 |    0.00   0.01   0.66
3  5.41e+05    0.46 |    0.28    1.0    169   177 |    0.00   0.01   0.21
3  5.71e+05    0.46 |    0.26    1.2    188   177 |    0.00   0.01   0.04
3  6.01e+05    0.46 |    0.31    1.0    170   171 |    0.00   0.01   0.37
3  6.31e+05    0.46 |    0.30    0.9    142   158 |    0.00   0.01   0.73
3  6.61e+05    0.46 |    0.26    1.0    169   174 |    0.00   0.01   0.01
3  6.91e+05    0.46 |    0.29    0.9    161   168 |    0.00   0.01   0.14
3  7.21e+05    0.46 |    0.34    1.1    165   172 |    0.00   0.01   0.48
3  7.51e+05    0.46 |    0.34    0.9    169   169 |    0.00   0.01   0.44
3  7.81e+05    0.46 |    0.27    0.8    120   149 |    0.00   0.01   0.02
3  8.41e+05    0.46 |    0.33    1.0    191   177 |    0.01   0.01   0.00
3  8.71e+05    0.46 |    0.32    1.1    165   170 |    0.00   0.01   0.33
3  9.01e+05    0.46 |    0.25    1.2    208   193 |    0.00   0.01   0.18
3  9.31e+05    0.46 |    0.33    0.9    142   154 |    0.00   0.01  -0.00
3  9.61e+05    0.46 |    0.28    0.9    144   161 |    0.00   0.01   0.31
3  9.91e+05    0.46 |    0.27    0.9    166   174 |    0.00   0.01   0.12
3  1.02e+06    0.46 |    0.25    0.9    117   146 |    0.00   0.01  -0.00
3  1.08e+06    0.46 |    0.29    0.9    148   163 |    0.01   0.01   0.24
3  1.11e+06    0.46 |    0.28    0.8    127   153 |    0.00   0.01  -0.10
3  1.17e+06    0.46 |    0.28    0.8    145   168 |    0.00   0.01  -0.05
3  1.20e+06    0.46 |    0.39    1.1    195   177 |    0.00   0.01   0.44
3  1.23e+06    0.47 |
3  1.23e+06    0.47 |    0.47    0.9    149   142 |    0.00   0.01   0.30
| ReplayBuffer save in: /Data/hongyuan/3state_feas_gamma2/c-1/replay_0.npz
3  1.26e+06    0.47 |    0.28    0.9    140   157 |    0.00   0.01   0.29
3  1.29e+06    0.47 |    0.38    1.0    184   169 |    0.00   0.01   0.26
3  1.32e+06    0.47 |    0.25    1.0    166   180 |    0.00   0.01   0.21
3  1.35e+06    0.47 |    0.30    1.0    169   173 |    0.00   0.01   0.25
3  1.38e+06    0.47 |    0.41    1.1    189   181 |    0.00   0.01   0.17
3  1.41e+06    0.47 |    0.29    0.9    160   172 |    0.00   0.01   0.18
3  1.44e+06    0.47 |    0.28    0.8    122   150 |    0.00   0.01   0.05
3  1.50e+06    0.47 |    0.23    1.1    200   185 |    0.00   0.01   0.26
3  1.53e+06    0.47 |    0.32    1.1    194   175 |    0.00   0.01   0.19
3  1.56e+06    0.47 |    0.28    1.0    169   172 |    0.00   0.00   0.27
3  1.59e+06    0.47 |    0.29    1.2    223   197 |    0.00   0.01   0.25
3  1.62e+06    0.47 |    0.22    1.2    199   182 |    0.00   0.01   0.26
3  1.65e+06    0.47 |    0.31    0.9    174   179 |    0.00   0.01   0.22
3  1.68e+06    0.47 |    0.20    1.1    189   181 |    0.00   0.01   0.23
3  1.71e+06    0.47 |    0.24    1.3    196   185 |    0.00   0.01   0.32
3  1.74e+06    0.47 |    0.34    1.3    202   189 |    0.00   0.01   0.26
3  1.77e+06    0.47 |    0.26    1.2    223   205 |    0.00   0.00   0.28
3  1.80e+06    0.47 |    0.34    0.9    131   156 |    0.00   0.01   0.03
3  1.83e+06    0.47 |    0.34    1.1    179   171 |    0.01   0.01   0.34
3  1.86e+06    0.47 |    0.30    1.0    189   178 |    0.00   0.01   0.36
3  1.89e+06    0.47 |    0.26    1.0    171   175 |    0.00   0.00   0.19
3  1.92e+06    0.47 |    0.20    1.2    220   189 |    0.00   0.01   0.22
3  1.95e+06    0.47 |    0.32    1.3    209   195 |    0.00   0.01   0.17
3  1.98e+06    0.47 |    0.33    1.1    194   175 |    0.00   0.01   0.24
3  2.01e+06    0.47 |    0.27    0.8     98    90 |    0.00   0.01  -0.01
3  2.07e+06    0.47 |    0.29    0.9    150   164 |    0.01   0.01   0.09
3  2.10e+06    0.47 |    0.27    0.8    146   169 |    0.00   0.01   0.20
3  2.13e+06    0.47 |    0.32    0.9    117   141 |    0.00   0.01   0.17
3  2.19e+06    0.47 |    0.35    0.8    135   154 |    0.01   0.01   0.15
3  2.22e+06    0.47 |    0.26    0.9    161   175 |    0.00   0.01   0.07
3  2.25e+06    0.47 |    0.38    0.7    102   143 |    0.00   0.01  -0.07
3  2.31e+06    0.47 |    0.23    1.0    169   178 |    0.00   0.01   0.16
3  2.34e+06    0.47 |    0.29    0.8    151   165 |    0.00   0.01   0.16
3  2.37e+06    0.47 |    0.33    1.1    208   203 |    0.00   0.01   0.17
3  2.40e+06    0.47 |    0.24    1.0    162   176 |    0.00   0.01   0.25
3  2.43e+06    0.47 |    0.38    0.9    164   170 |    0.00   0.01   0.17
3  2.46e+06    0.47 |    0.38    1.2    186   173 |    0.00   0.01   0.38
3  2.49e+06    0.47 |    0.27    1.1    194   183 |    0.00   0.01   0.44
3  2.52e+06    0.47 |    0.24    1.0    150   164 |    0.00   0.65  11.53
3  2.55e+06    0.47 |    0.37    0.8    123   153 |    0.00   0.01  -0.01
3  2.61e+06    0.47 |    0.27    0.7     91   129 |    0.00   0.01  -0.12
3  2.67e+06    0.47 |    0.29    0.8    146   163 |    0.01   0.01   0.13
3  2.70e+06    0.47 |    0.32    0.7     90   120 |    0.00   0.01   0.03
3  2.76e+06    0.47 |    0.32    0.7    108   139 |    0.00   0.01   0.07
3  2.82e+06    0.47 |    0.31    0.6     75   102 |    0.01   0.01  -0.08
3  2.91e+06    0.47 |    0.42    0.8    127   139 |    0.01   0.01   0.16
3  2.94e+06    0.47 |    0.34    0.7    106   128 |    0.01   0.01   0.13
3  3.00e+06    0.47 |    0.33    0.6     89   110 |    0.00   0.01   0.08
3  3.06e+06    0.47 |    0.34    0.8    140   152 |    0.00   0.01   0.20
3  3.09e+06    0.47 |    0.31    0.7     98   118 |    0.00   0.01   0.02
3  3.15e+06    0.47 |    0.36    0.7    111   147 |    0.01   0.01   0.07
3  3.21e+06    0.47 |    0.27    0.8    142   142 |    0.01   0.01   0.32
3  3.24e+06    0.47 |    0.37    0.7    104   120 |    0.00   0.01   0.06
3  3.30e+06    0.47 |    0.31    0.8    125   148 |    0.01   0.01   0.14
3  3.36e+06    0.47 |    0.30    0.6     76   109 |    0.00   0.01  -0.05
3  3.42e+06    0.47 |    0.36    0.7    100   107 |    0.01   0.01   0.13
3  3.48e+06    0.47 |    0.31    0.8    129   140 |    0.01   0.01   0.19
3  3.51e+06    0.47 |    0.31    0.8    119   147 |    0.00   0.01   0.07
3  3.54e+06    0.47 |    0.33    0.8    129   155 |    0.00   0.01   0.07
3  3.57e+06    0.47 |    0.30    0.8    127   127 |    0.00   0.01   0.12
3  3.60e+06    0.47 |    0.34    0.6     83   117 |    0.00   0.01   0.00
3  3.66e+06    0.47 |    0.38    0.8    109   118 |    0.01   0.01   0.11
3  3.72e+06    0.47 |    0.38    0.7     92   119 |    0.00   0.01   0.04
3  3.78e+06    0.47 |    0.30    0.6     67   102 |    0.00   0.01   0.02
3  3.87e+06    0.47 |    0.27    0.8    129   154 |    0.00   0.01   0.17
3  3.90e+06    0.47 |    0.31    0.7     86   115 |    0.00   0.01   0.06
3  3.97e+06    0.47 |    0.36    0.8    135   155 |    0.01   0.01   0.19
3  4.00e+06    0.47 |    0.31    0.7     72    99 |    0.00   0.01   0.04
3  4.09e+06    0.47 |    0.39    0.7     97   103 |    0.01   0.01   0.15
3  4.15e+06    0.47 |    0.24    0.6     56    90 |    0.01   0.01  -0.02
3  4.24e+06    0.47 |    0.35    0.9    120   150 |    0.01   0.01   0.22
3  4.30e+06    0.47 |    0.30    0.7     94   114 |    0.00   0.01   0.08

main process:51972

main process:10328
